<?xml version="1.0" encoding="utf-8"?><testsuites><testsuite name="pytest" errors="0" failures="0" skipped="0" tests="0" time="0.027" timestamp="2024-08-04T04:01:30.449445+03:00" hostname="Orange" /></testsuites>